<?xml version="1.0" encoding="UTF-8"?>
<robot generator="Robot 5.0 (Python 3.10.0 on win32)" generated="20220510 12:00:07.317" rpa="false" schemaversion="3">
<suite id="s1" name="Verify Valid Credential Suite" source="C:\Users\Hiiii\Desktop\Orange_HRM_Automation\Login_Suite\verify_valid_credential_suite.robot">
<test id="s1-t1" name="TC1" line="15">
<kw name="Launch Browser" library="Commonfunctionality" type="SETUP">
<kw name="Append To Environment Variable" library="OperatingSystem">
<arg>Path</arg>
<arg>${EXECDIR}${/}driver</arg>
<doc>Appends given ``values`` to environment variable ``name``.</doc>
<msg timestamp="20220510 12:00:09.488" level="INFO">Environment variable 'Path' set to value 'C:\Program Files\Python310\Scripts\;C:\Program Files\Python310\;C:\Program Files\Amazon Corretto\jdk11.0.12_7\bin;C:\WINDOWS\system32;C:\WINDOWS;C:\WINDOWS\System32\Wbem;C:\WINDOWS\System32\WindowsPowerShell\v1.0\;C:\WINDOWS\System32\OpenSSH\;C:\msys64\mingw64\bin;C;C:\Program Files\Git\cmd;C:\Users\Hiiii\AppData\Roaming\Python\Python310\Scripts;C:\Users\Hiiii\AppData\Local\Microsoft\WindowsApps;;C:\Users\Hiiii\AppData\Local\Programs\Microsoft VS Code\bin;C:\Users\Hiiii\Desktop\Orange_HRM_Automation\driver'.</msg>
<status status="PASS" starttime="20220510 12:00:09.488" endtime="20220510 12:00:09.488"/>
</kw>
<kw name="Open Browser" library="SeleniumLibrary">
<arg>browser= ${BROWSER}</arg>
<doc>Opens a new browser instance to the optional ``url``.</doc>
<msg timestamp="20220510 12:00:09.488" level="INFO">Opening browser ' chrome' to base url 'None'.</msg>
<status status="PASS" starttime="20220510 12:00:09.488" endtime="20220510 12:00:11.637"/>
</kw>
<kw name="Maximize Browser Window" library="SeleniumLibrary">
<doc>Maximizes current browser window.</doc>
<status status="PASS" starttime="20220510 12:00:11.637" endtime="20220510 12:00:11.773"/>
</kw>
<kw name="Set Selenium Implicit Wait" library="SeleniumLibrary">
<arg>30s</arg>
<doc>Sets the implicit wait value used by Selenium.</doc>
<status status="PASS" starttime="20220510 12:00:11.773" endtime="20220510 12:00:11.773"/>
</kw>
<kw name="Set Screenshot Directory" library="SeleniumLibrary">
<arg>${EXECDIR}${/}Screenshots</arg>
<doc>Sets the directory for captured screenshots.</doc>
<status status="PASS" starttime="20220510 12:00:11.773" endtime="20220510 12:00:11.773"/>
</kw>
<kw name="Go To" library="SeleniumLibrary">
<arg>url=https://opensource-demo.orangehrmlive.com/</arg>
<doc>Navigates the current browser window to the provided ``url``.</doc>
<msg timestamp="20220510 12:00:11.773" level="INFO">Opening url 'https://opensource-demo.orangehrmlive.com/'</msg>
<status status="PASS" starttime="20220510 12:00:11.773" endtime="20220510 12:00:17.376"/>
</kw>
<status status="PASS" starttime="20220510 12:00:09.488" endtime="20220510 12:00:17.376"/>
</kw>
<kw name="valid Credential">
<arg>Admin</arg>
<arg>admin123</arg>
<arg>My Info</arg>
<kw name="Input Text" library="SeleniumLibrary">
<arg>id=txtUsername</arg>
<arg>${username}</arg>
<doc>Types the given ``text`` into the text field identified by ``locator``.</doc>
<msg timestamp="20220510 12:00:17.381" level="INFO">Typing text 'Admin' into text field 'id=txtUsername'.</msg>
<status status="PASS" starttime="20220510 12:00:17.379" endtime="20220510 12:00:17.551"/>
</kw>
<kw name="Input Password" library="SeleniumLibrary">
<arg>id=txtPassword</arg>
<arg>${password}</arg>
<doc>Types the given password into the text field identified by ``locator``.</doc>
<msg timestamp="20220510 12:00:17.551" level="INFO">Typing password into text field 'id=txtPassword'.</msg>
<msg timestamp="20220510 12:00:17.629" level="INFO">Temporally setting log level to: NONE</msg>
<msg timestamp="20220510 12:00:17.707" level="INFO">Log level changed from NONE to INFO.</msg>
<status status="PASS" starttime="20220510 12:00:17.551" endtime="20220510 12:00:17.707"/>
</kw>
<kw name="Click Element" library="SeleniumLibrary">
<arg>id=btnLogin</arg>
<doc>Click the element identified by ``locator``.</doc>
<msg timestamp="20220510 12:00:17.707" level="INFO">Clicking element 'id=btnLogin'.</msg>
<status status="PASS" starttime="20220510 12:00:17.707" endtime="20220510 12:00:19.870"/>
</kw>
<kw name="Page Should Contain" library="SeleniumLibrary">
<arg>${expected_value}</arg>
<doc>Verifies that current page contains ``text``.</doc>
<msg timestamp="20220510 12:00:52.869" level="WARN">Keyword 'Capture Page Screenshot' could not be run on failure: Message: no such window: target window already closed
from unknown error: web view not found
  (Session info: chrome=101.0.4951.54)
</msg>
<msg timestamp="20220510 12:00:52.874" level="FAIL">NoSuchWindowException: Message: no such window: target window already closed
from unknown error: web view not found
  (Session info: chrome=101.0.4951.54)
</msg>
<status status="FAIL" starttime="20220510 12:00:19.871" endtime="20220510 12:00:52.885"/>
</kw>
<status status="FAIL" starttime="20220510 12:00:17.377" endtime="20220510 12:00:52.887"/>
</kw>
<kw name="Close Browser" library="SeleniumLibrary" type="TEARDOWN">
<doc>Closes the current browser.</doc>
<status status="PASS" starttime="20220510 12:00:52.891" endtime="20220510 12:00:55.127"/>
</kw>
<status status="FAIL" starttime="20220510 12:00:09.473" endtime="20220510 12:00:55.127">NoSuchWindowException: Message: no such window: target window already closed
from unknown error: web view not found
  (Session info: chrome=101.0.4951.54)
</status>
</test>
<test id="s1-t2" name="TC1" line="15">
<kw name="Launch Browser" library="Commonfunctionality" type="SETUP">
<kw name="Append To Environment Variable" library="OperatingSystem">
<arg>Path</arg>
<arg>${EXECDIR}${/}driver</arg>
<doc>Appends given ``values`` to environment variable ``name``.</doc>
<msg timestamp="20220510 12:00:55.157" level="INFO">Environment variable 'Path' set to value 'C:\Program Files\Python310\Scripts\;C:\Program Files\Python310\;C:\Program Files\Amazon Corretto\jdk11.0.12_7\bin;C:\WINDOWS\system32;C:\WINDOWS;C:\WINDOWS\System32\Wbem;C:\WINDOWS\System32\WindowsPowerShell\v1.0\;C:\WINDOWS\System32\OpenSSH\;C:\msys64\mingw64\bin;C;C:\Program Files\Git\cmd;C:\Users\Hiiii\AppData\Roaming\Python\Python310\Scripts;C:\Users\Hiiii\AppData\Local\Microsoft\WindowsApps;;C:\Users\Hiiii\AppData\Local\Programs\Microsoft VS Code\bin;C:\Users\Hiiii\Desktop\Orange_HRM_Automation\driver;C:\Users\Hiiii\Desktop\Orange_HRM_Automation\driver'.</msg>
<status status="PASS" starttime="20220510 12:00:55.142" endtime="20220510 12:00:55.157"/>
</kw>
<kw name="Open Browser" library="SeleniumLibrary">
<arg>browser= ${BROWSER}</arg>
<doc>Opens a new browser instance to the optional ``url``.</doc>
<msg timestamp="20220510 12:00:55.157" level="INFO">Opening browser ' chrome' to base url 'None'.</msg>
<status status="PASS" starttime="20220510 12:00:55.157" endtime="20220510 12:00:57.474"/>
</kw>
<kw name="Maximize Browser Window" library="SeleniumLibrary">
<doc>Maximizes current browser window.</doc>
<status status="PASS" starttime="20220510 12:00:57.474" endtime="20220510 12:00:57.626"/>
</kw>
<kw name="Set Selenium Implicit Wait" library="SeleniumLibrary">
<arg>30s</arg>
<doc>Sets the implicit wait value used by Selenium.</doc>
<status status="PASS" starttime="20220510 12:00:57.626" endtime="20220510 12:00:57.626"/>
</kw>
<kw name="Set Screenshot Directory" library="SeleniumLibrary">
<arg>${EXECDIR}${/}Screenshots</arg>
<doc>Sets the directory for captured screenshots.</doc>
<status status="PASS" starttime="20220510 12:00:57.626" endtime="20220510 12:00:57.626"/>
</kw>
<kw name="Go To" library="SeleniumLibrary">
<arg>url=https://opensource-demo.orangehrmlive.com/</arg>
<doc>Navigates the current browser window to the provided ``url``.</doc>
<msg timestamp="20220510 12:00:57.626" level="INFO">Opening url 'https://opensource-demo.orangehrmlive.com/'</msg>
<status status="PASS" starttime="20220510 12:00:57.626" endtime="20220510 12:01:03.131"/>
</kw>
<status status="PASS" starttime="20220510 12:00:55.142" endtime="20220510 12:01:03.131"/>
</kw>
<kw name="valid Credential">
<arg>Admin</arg>
<arg>admin123</arg>
<arg>Welcome</arg>
<kw name="Input Text" library="SeleniumLibrary">
<arg>id=txtUsername</arg>
<arg>${username}</arg>
<doc>Types the given ``text`` into the text field identified by ``locator``.</doc>
<msg timestamp="20220510 12:01:03.135" level="INFO">Typing text 'Admin' into text field 'id=txtUsername'.</msg>
<status status="PASS" starttime="20220510 12:01:03.134" endtime="20220510 12:01:03.315"/>
</kw>
<kw name="Input Password" library="SeleniumLibrary">
<arg>id=txtPassword</arg>
<arg>${password}</arg>
<doc>Types the given password into the text field identified by ``locator``.</doc>
<msg timestamp="20220510 12:01:03.315" level="INFO">Typing password into text field 'id=txtPassword'.</msg>
<msg timestamp="20220510 12:01:03.393" level="INFO">Temporally setting log level to: NONE</msg>
<msg timestamp="20220510 12:01:03.487" level="INFO">Log level changed from NONE to INFO.</msg>
<status status="PASS" starttime="20220510 12:01:03.315" endtime="20220510 12:01:03.487"/>
</kw>
<kw name="Click Element" library="SeleniumLibrary">
<arg>id=btnLogin</arg>
<doc>Click the element identified by ``locator``.</doc>
<msg timestamp="20220510 12:01:03.487" level="INFO">Clicking element 'id=btnLogin'.</msg>
<status status="PASS" starttime="20220510 12:01:03.487" endtime="20220510 12:01:05.414"/>
</kw>
<kw name="Page Should Contain" library="SeleniumLibrary">
<arg>${expected_value}</arg>
<doc>Verifies that current page contains ``text``.</doc>
<msg timestamp="20220510 12:01:46.083" level="WARN">Keyword 'Capture Page Screenshot' could not be run on failure: Message: no such window: target window already closed
from unknown error: web view not found
  (Session info: chrome=101.0.4951.54)
</msg>
<msg timestamp="20220510 12:01:46.114" level="FAIL">NoSuchWindowException: Message: no such window: target window already closed
from unknown error: web view not found
  (Session info: chrome=101.0.4951.54)
</msg>
<status status="FAIL" starttime="20220510 12:01:05.415" endtime="20220510 12:01:46.130"/>
</kw>
<status status="FAIL" starttime="20220510 12:01:03.132" endtime="20220510 12:01:46.130"/>
</kw>
<kw name="Close Browser" library="SeleniumLibrary" type="TEARDOWN">
<doc>Closes the current browser.</doc>
<status status="PASS" starttime="20220510 12:01:46.130" endtime="20220510 12:01:48.349"/>
</kw>
<status status="FAIL" starttime="20220510 12:00:55.142" endtime="20220510 12:01:48.349">NoSuchWindowException: Message: no such window: target window already closed
from unknown error: web view not found
  (Session info: chrome=101.0.4951.54)
</status>
</test>
<test id="s1-t3" name="TC1" line="15">
<kw name="Launch Browser" library="Commonfunctionality" type="SETUP">
<kw name="Append To Environment Variable" library="OperatingSystem">
<arg>Path</arg>
<arg>${EXECDIR}${/}driver</arg>
<doc>Appends given ``values`` to environment variable ``name``.</doc>
<msg timestamp="20220510 12:01:48.380" level="INFO">Environment variable 'Path' set to value 'C:\Program Files\Python310\Scripts\;C:\Program Files\Python310\;C:\Program Files\Amazon Corretto\jdk11.0.12_7\bin;C:\WINDOWS\system32;C:\WINDOWS;C:\WINDOWS\System32\Wbem;C:\WINDOWS\System32\WindowsPowerShell\v1.0\;C:\WINDOWS\System32\OpenSSH\;C:\msys64\mingw64\bin;C;C:\Program Files\Git\cmd;C:\Users\Hiiii\AppData\Roaming\Python\Python310\Scripts;C:\Users\Hiiii\AppData\Local\Microsoft\WindowsApps;;C:\Users\Hiiii\AppData\Local\Programs\Microsoft VS Code\bin;C:\Users\Hiiii\Desktop\Orange_HRM_Automation\driver;C:\Users\Hiiii\Desktop\Orange_HRM_Automation\driver;C:\Users\Hiiii\Desktop\Orange_HRM_Automation\driver'.</msg>
<status status="PASS" starttime="20220510 12:01:48.380" endtime="20220510 12:01:48.380"/>
</kw>
<kw name="Open Browser" library="SeleniumLibrary">
<arg>browser= ${BROWSER}</arg>
<doc>Opens a new browser instance to the optional ``url``.</doc>
<msg timestamp="20220510 12:01:48.380" level="INFO">Opening browser ' chrome' to base url 'None'.</msg>
<status status="PASS" starttime="20220510 12:01:48.380" endtime="20220510 12:01:50.592"/>
</kw>
<kw name="Maximize Browser Window" library="SeleniumLibrary">
<doc>Maximizes current browser window.</doc>
<status status="PASS" starttime="20220510 12:01:50.593" endtime="20220510 12:01:50.853"/>
</kw>
<kw name="Set Selenium Implicit Wait" library="SeleniumLibrary">
<arg>30s</arg>
<doc>Sets the implicit wait value used by Selenium.</doc>
<status status="PASS" starttime="20220510 12:01:50.853" endtime="20220510 12:01:50.853"/>
</kw>
<kw name="Set Screenshot Directory" library="SeleniumLibrary">
<arg>${EXECDIR}${/}Screenshots</arg>
<doc>Sets the directory for captured screenshots.</doc>
<status status="PASS" starttime="20220510 12:01:50.853" endtime="20220510 12:01:50.853"/>
</kw>
<kw name="Go To" library="SeleniumLibrary">
<arg>url=https://opensource-demo.orangehrmlive.com/</arg>
<doc>Navigates the current browser window to the provided ``url``.</doc>
<msg timestamp="20220510 12:01:50.853" level="INFO">Opening url 'https://opensource-demo.orangehrmlive.com/'</msg>
<status status="PASS" starttime="20220510 12:01:50.853" endtime="20220510 12:01:56.509"/>
</kw>
<status status="PASS" starttime="20220510 12:01:48.364" endtime="20220510 12:01:56.509"/>
</kw>
<kw name="valid Credential">
<arg>Admin</arg>
<arg>admin123</arg>
<arg>Admin</arg>
<kw name="Input Text" library="SeleniumLibrary">
<arg>id=txtUsername</arg>
<arg>${username}</arg>
<doc>Types the given ``text`` into the text field identified by ``locator``.</doc>
<msg timestamp="20220510 12:01:56.511" level="INFO">Typing text 'Admin' into text field 'id=txtUsername'.</msg>
<status status="PASS" starttime="20220510 12:01:56.511" endtime="20220510 12:01:56.673"/>
</kw>
<kw name="Input Password" library="SeleniumLibrary">
<arg>id=txtPassword</arg>
<arg>${password}</arg>
<doc>Types the given password into the text field identified by ``locator``.</doc>
<msg timestamp="20220510 12:01:56.673" level="INFO">Typing password into text field 'id=txtPassword'.</msg>
<msg timestamp="20220510 12:01:56.751" level="INFO">Temporally setting log level to: NONE</msg>
<msg timestamp="20220510 12:01:56.861" level="INFO">Log level changed from NONE to INFO.</msg>
<status status="PASS" starttime="20220510 12:01:56.673" endtime="20220510 12:01:56.861"/>
</kw>
<kw name="Click Element" library="SeleniumLibrary">
<arg>id=btnLogin</arg>
<doc>Click the element identified by ``locator``.</doc>
<msg timestamp="20220510 12:01:56.861" level="INFO">Clicking element 'id=btnLogin'.</msg>
<status status="PASS" starttime="20220510 12:01:56.861" endtime="20220510 12:01:58.671"/>
</kw>
<kw name="Page Should Contain" library="SeleniumLibrary">
<arg>${expected_value}</arg>
<doc>Verifies that current page contains ``text``.</doc>
<msg timestamp="20220510 12:01:58.730" level="WARN">Keyword 'Capture Page Screenshot' could not be run on failure: Message: no such window: target window already closed
from unknown error: web view not found
  (Session info: chrome=101.0.4951.54)
</msg>
<msg timestamp="20220510 12:01:58.745" level="FAIL">NoSuchWindowException: Message: no such window: target window already closed
from unknown error: web view not found
  (Session info: chrome=101.0.4951.54)
</msg>
<status status="FAIL" starttime="20220510 12:01:58.672" endtime="20220510 12:01:58.749"/>
</kw>
<status status="FAIL" starttime="20220510 12:01:56.510" endtime="20220510 12:01:58.751"/>
</kw>
<kw name="Close Browser" library="SeleniumLibrary" type="TEARDOWN">
<doc>Closes the current browser.</doc>
<status status="PASS" starttime="20220510 12:01:58.780" endtime="20220510 12:02:01.059"/>
</kw>
<status status="FAIL" starttime="20220510 12:01:48.364" endtime="20220510 12:02:01.059">NoSuchWindowException: Message: no such window: target window already closed
from unknown error: web view not found
  (Session info: chrome=101.0.4951.54)
</status>
</test>
<test id="s1-t4" name="TC1" line="15">
<kw name="Launch Browser" library="Commonfunctionality" type="SETUP">
<kw name="Append To Environment Variable" library="OperatingSystem">
<arg>Path</arg>
<arg>${EXECDIR}${/}driver</arg>
<doc>Appends given ``values`` to environment variable ``name``.</doc>
<msg timestamp="20220510 12:02:01.059" level="INFO">Environment variable 'Path' set to value 'C:\Program Files\Python310\Scripts\;C:\Program Files\Python310\;C:\Program Files\Amazon Corretto\jdk11.0.12_7\bin;C:\WINDOWS\system32;C:\WINDOWS;C:\WINDOWS\System32\Wbem;C:\WINDOWS\System32\WindowsPowerShell\v1.0\;C:\WINDOWS\System32\OpenSSH\;C:\msys64\mingw64\bin;C;C:\Program Files\Git\cmd;C:\Users\Hiiii\AppData\Roaming\Python\Python310\Scripts;C:\Users\Hiiii\AppData\Local\Microsoft\WindowsApps;;C:\Users\Hiiii\AppData\Local\Programs\Microsoft VS Code\bin;C:\Users\Hiiii\Desktop\Orange_HRM_Automation\driver;C:\Users\Hiiii\Desktop\Orange_HRM_Automation\driver;C:\Users\Hiiii\Desktop\Orange_HRM_Automation\driver;C:\Users\Hiiii\Desktop\Orange_HRM_Automation\driver'.</msg>
<status status="PASS" starttime="20220510 12:02:01.059" endtime="20220510 12:02:01.059"/>
</kw>
<kw name="Open Browser" library="SeleniumLibrary">
<arg>browser= ${BROWSER}</arg>
<doc>Opens a new browser instance to the optional ``url``.</doc>
<msg timestamp="20220510 12:02:01.059" level="INFO">Opening browser ' chrome' to base url 'None'.</msg>
<status status="PASS" starttime="20220510 12:02:01.059" endtime="20220510 12:02:03.084"/>
</kw>
<kw name="Maximize Browser Window" library="SeleniumLibrary">
<doc>Maximizes current browser window.</doc>
<status status="PASS" starttime="20220510 12:02:03.085" endtime="20220510 12:02:03.231"/>
</kw>
<kw name="Set Selenium Implicit Wait" library="SeleniumLibrary">
<arg>30s</arg>
<doc>Sets the implicit wait value used by Selenium.</doc>
<status status="PASS" starttime="20220510 12:02:03.231" endtime="20220510 12:02:03.234"/>
</kw>
<kw name="Set Screenshot Directory" library="SeleniumLibrary">
<arg>${EXECDIR}${/}Screenshots</arg>
<doc>Sets the directory for captured screenshots.</doc>
<status status="PASS" starttime="20220510 12:02:03.234" endtime="20220510 12:02:03.235"/>
</kw>
<kw name="Go To" library="SeleniumLibrary">
<arg>url=https://opensource-demo.orangehrmlive.com/</arg>
<doc>Navigates the current browser window to the provided ``url``.</doc>
<msg timestamp="20220510 12:02:03.236" level="INFO">Opening url 'https://opensource-demo.orangehrmlive.com/'</msg>
<status status="PASS" starttime="20220510 12:02:03.235" endtime="20220510 12:02:08.664"/>
</kw>
<status status="PASS" starttime="20220510 12:02:01.059" endtime="20220510 12:02:08.664"/>
</kw>
<kw name="valid Credential">
<arg>Admin</arg>
<arg>admin123</arg>
<arg>Dashboard</arg>
<kw name="Input Text" library="SeleniumLibrary">
<arg>id=txtUsername</arg>
<arg>${username}</arg>
<doc>Types the given ``text`` into the text field identified by ``locator``.</doc>
<msg timestamp="20220510 12:02:08.664" level="INFO">Typing text 'Admin' into text field 'id=txtUsername'.</msg>
<status status="PASS" starttime="20220510 12:02:08.664" endtime="20220510 12:02:08.836"/>
</kw>
<kw name="Input Password" library="SeleniumLibrary">
<arg>id=txtPassword</arg>
<arg>${password}</arg>
<doc>Types the given password into the text field identified by ``locator``.</doc>
<msg timestamp="20220510 12:02:08.836" level="INFO">Typing password into text field 'id=txtPassword'.</msg>
<msg timestamp="20220510 12:02:08.914" level="INFO">Temporally setting log level to: NONE</msg>
<msg timestamp="20220510 12:02:09.008" level="INFO">Log level changed from NONE to INFO.</msg>
<status status="PASS" starttime="20220510 12:02:08.836" endtime="20220510 12:02:09.008"/>
</kw>
<kw name="Click Element" library="SeleniumLibrary">
<arg>id=btnLogin</arg>
<doc>Click the element identified by ``locator``.</doc>
<msg timestamp="20220510 12:02:09.008" level="INFO">Clicking element 'id=btnLogin'.</msg>
<status status="PASS" starttime="20220510 12:02:09.008" endtime="20220510 12:02:10.776"/>
</kw>
<kw name="Page Should Contain" library="SeleniumLibrary">
<arg>${expected_value}</arg>
<doc>Verifies that current page contains ``text``.</doc>
<msg timestamp="20220510 12:03:06.427" level="WARN">Keyword 'Capture Page Screenshot' could not be run on failure: Message: no such window: target window already closed
from unknown error: web view not found
  (Session info: chrome=101.0.4951.54)
</msg>
<msg timestamp="20220510 12:03:06.462" level="FAIL">NoSuchWindowException: Message: no such window: target window already closed
from unknown error: web view not found
  (Session info: chrome=101.0.4951.54)
</msg>
<status status="FAIL" starttime="20220510 12:02:10.776" endtime="20220510 12:03:06.463"/>
</kw>
<status status="FAIL" starttime="20220510 12:02:08.664" endtime="20220510 12:03:06.465"/>
</kw>
<kw name="Close Browser" library="SeleniumLibrary" type="TEARDOWN">
<doc>Closes the current browser.</doc>
<status status="PASS" starttime="20220510 12:03:06.482" endtime="20220510 12:03:08.682"/>
</kw>
<status status="FAIL" starttime="20220510 12:02:01.059" endtime="20220510 12:03:08.682">NoSuchWindowException: Message: no such window: target window already closed
from unknown error: web view not found
  (Session info: chrome=101.0.4951.54)
</status>
</test>
<doc>This suite will handle valid credential
test -TC_OH_2</doc>
<status status="FAIL" starttime="20220510 12:00:07.317" endtime="20220510 12:03:08.682"/>
</suite>
<statistics>
<total>
<stat pass="0" fail="4" skip="0">All Tests</stat>
</total>
<tag>
</tag>
<suite>
<stat pass="0" fail="4" skip="0" id="s1" name="Verify Valid Credential Suite">Verify Valid Credential Suite</stat>
</suite>
</statistics>
<errors>
<msg timestamp="20220510 12:00:52.869" level="WARN">Keyword 'Capture Page Screenshot' could not be run on failure: Message: no such window: target window already closed
from unknown error: web view not found
  (Session info: chrome=101.0.4951.54)
</msg>
<msg timestamp="20220510 12:00:55.127" level="WARN">Multiple tests with name 'TC1' executed in suite 'Verify Valid Credential Suite'.</msg>
<msg timestamp="20220510 12:01:46.083" level="WARN">Keyword 'Capture Page Screenshot' could not be run on failure: Message: no such window: target window already closed
from unknown error: web view not found
  (Session info: chrome=101.0.4951.54)
</msg>
<msg timestamp="20220510 12:01:48.349" level="WARN">Multiple tests with name 'TC1' executed in suite 'Verify Valid Credential Suite'.</msg>
<msg timestamp="20220510 12:01:58.730" level="WARN">Keyword 'Capture Page Screenshot' could not be run on failure: Message: no such window: target window already closed
from unknown error: web view not found
  (Session info: chrome=101.0.4951.54)
</msg>
<msg timestamp="20220510 12:02:01.059" level="WARN">Multiple tests with name 'TC1' executed in suite 'Verify Valid Credential Suite'.</msg>
<msg timestamp="20220510 12:03:06.427" level="WARN">Keyword 'Capture Page Screenshot' could not be run on failure: Message: no such window: target window already closed
from unknown error: web view not found
  (Session info: chrome=101.0.4951.54)
</msg>
</errors>
</robot>
